# JRE version: Java(TM) SE Runtime Environment (12.0.2+10) (build 12.0.2+10)
# Java VM: Java HotSpot(TM) 64-Bit Server VM (12.0.2+10, mixed mode, sharing, tiered, compressed oops, g1 gc, windows-amd64)
Heap:
 garbage-first heap   total 563200K, used 335273K [0x0000000081c00000, 0x0000000100000000)
  region size 1024K, 74 young (75776K), 21 survivors (21504K)
 Metaspace       used 16171K, capacity 17094K, committed 17280K, reserved 1064960K
  class space    used 2349K, capacity 2675K, committed 2688K, reserved 1048576K
GC Heap History (10 events):
Event: 28.484 GC heap before
{Heap before GC invocations=47 (full 0):
 garbage-first heap   total 481280K, used 412767K [0x0000000081c00000, 0x0000000100000000)
  region size 1024K, 179 young (183296K), 19 survivors (19456K)
 Metaspace       used 16171K, capacity 17094K, committed 17280K, reserved 1064960K
  class space    used 2349K, capacity 2675K, committed 2688K, reserved 1048576K
}
Event: 28.506 GC heap after
{Heap after GC invocations=48 (full 0):
 garbage-first heap   total 481280K, used 256416K [0x0000000081c00000, 0x0000000100000000)
  region size 1024K, 14 young (14336K), 14 survivors (14336K)
 Metaspace       used 16171K, capacity 17094K, committed 17280K, reserved 1064960K
  class space    used 2349K, capacity 2675K, committed 2688K, reserved 1048576K
}
Event: 29.265 GC heap before
{Heap before GC invocations=49 (full 0):
 garbage-first heap   total 508928K, used 414112K [0x0000000081c00000, 0x0000000100000000)
  region size 1024K, 168 young (172032K), 14 survivors (14336K)
 Metaspace       used 16171K, capacity 17094K, committed 17280K, reserved 1064960K
  class space    used 2349K, capacity 2675K, committed 2688K, reserved 1048576K
}
Event: 29.284 GC heap after
{Heap after GC invocations=50 (full 0):
 garbage-first heap   total 508928K, used 261952K [0x0000000081c00000, 0x0000000100000000)
  region size 1024K, 13 young (13312K), 13 survivors (13312K)
 Metaspace       used 16171K, capacity 17094K, committed 17280K, reserved 1064960K
  class space    used 2349K, capacity 2675K, committed 2688K, reserved 1048576K
}
Event: 30.100 GC heap before
{Heap before GC invocations=50 (full 0):
 garbage-first heap   total 508928K, used 438080K [0x0000000081c00000, 0x0000000100000000)
  region size 1024K, 185 young (189440K), 13 survivors (13312K)
 Metaspace       used 16171K, capacity 17094K, committed 17280K, reserved 1064960K
  class space    used 2349K, capacity 2675K, committed 2688K, reserved 1048576K
}
Event: 30.120 GC heap after
{Heap after GC invocations=51 (full 0):
 garbage-first heap   total 508928K, used 268366K [0x0000000081c00000, 0x0000000100000000)
  region size 1024K, 19 young (19456K), 19 survivors (19456K)
 Metaspace       used 16171K, capacity 17094K, committed 17280K, reserved 1064960K
  class space    used 2349K, capacity 2675K, committed 2688K, reserved 1048576K
}
Event: 30.921 GC heap before
{Heap before GC invocations=52 (full 0):
 garbage-first heap   total 534528K, used 434254K [0x0000000081c00000, 0x0000000100000000)
  region size 1024K, 181 young (185344K), 19 survivors (19456K)
 Metaspace       used 16171K, capacity 17094K, committed 17280K, reserved 1064960K
  class space    used 2349K, capacity 2675K, committed 2688K, reserved 1048576K
}
Event: 30.944 GC heap after
{Heap after GC invocations=53 (full 0):
 garbage-first heap   total 534528K, used 275349K [0x0000000081c00000, 0x0000000100000000)
  region size 1024K, 14 young (14336K), 14 survivors (14336K)
 Metaspace       used 16171K, capacity 17094K, committed 17280K, reserved 1064960K
  class space    used 2349K, capacity 2675K, committed 2688K, reserved 1048576K
}
Event: 31.838 GC heap before
{Heap before GC invocations=53 (full 0):
 garbage-first heap   total 534528K, used 460693K [0x0000000081c00000, 0x0000000100000000)
  region size 1024K, 195 young (199680K), 14 survivors (14336K)
 Metaspace       used 16171K, capacity 17094K, committed 17280K, reserved 1064960K
  class space    used 2349K, capacity 2675K, committed 2688K, reserved 1048576K
}
Event: 31.858 GC heap after
{Heap after GC invocations=54 (full 0):
 garbage-first heap   total 534528K, used 282025K [0x0000000081c00000, 0x0000000100000000)
  region size 1024K, 21 young (21504K), 21 survivors (21504K)
 Metaspace       used 16171K, capacity 17094K, committed 17280K, reserved 1064960K
  class space    used 2349K, capacity 2675K, committed 2688K, reserved 1048576K
}

